[31mERRO[0m[2026-05-03 19:45:33] Please Enter Mode As SecretKey Or CvmRole!   
[36mINFO[0m[2026-05-03 19:45:41] Modify successfully!                         
[36mINFO[0m[2026-05-03 19:45:41] Add successfully! name: luke-1307356219, endpoint: , alias: default
, ofs: false 
[36mINFO[0m[2026-05-03 19:46:10] Upload /data/home/lukemxjia/aritcles-hub/ai-基础知识/从零构建理解Agent/第4章-基础外界交互能力/01-framework-agent-interaction-capabilities.png to cos://luke-1307356219/第4章-基础外界交互能力/01-framework-agent-interaction-capabilities.png start 
[36mINFO[0m[2026-05-03 19:46:11] Upload /data/home/lukemxjia/aritcles-hub/ai-基础知识/从零构建理解Agent/第4章-基础外界交互能力/01-framework-agent-interaction-capabilities.png to cos://luke-1307356219/第4章-基础外界交互能力/01-framework-agent-interaction-capabilities.png Succeed: Total num: 1, size: 1,608,767 Byte (1.53 MB). OK num: 1(upload 1 files). 
[36mINFO[0m[2026-05-03 19:46:11] Upload /data/home/lukemxjia/aritcles-hub/ai-基础知识/从零构建理解Agent/第4章-基础外界交互能力/02-flowchart-readfile-self-recovery.png to cos://luke-1307356219/第4章-基础外界交互能力/02-flowchart-readfile-self-recovery.png start 
[36mINFO[0m[2026-05-03 19:46:11] Upload /data/home/lukemxjia/aritcles-hub/ai-基础知识/从零构建理解Agent/第4章-基础外界交互能力/02-flowchart-readfile-self-recovery.png to cos://luke-1307356219/第4章-基础外界交互能力/02-flowchart-readfile-self-recovery.png Succeed: Total num: 1, size: 1,070,984 Byte (1.02 MB). OK num: 1(upload 1 files). 
[36mINFO[0m[2026-05-03 19:46:11] Upload /data/home/lukemxjia/aritcles-hub/ai-基础知识/从零构建理解Agent/第4章-基础外界交互能力/03-framework-memory-observability-stack.png to cos://luke-1307356219/第4章-基础外界交互能力/03-framework-memory-observability-stack.png start 
[36mINFO[0m[2026-05-03 19:46:12] Upload /data/home/lukemxjia/aritcles-hub/ai-基础知识/从零构建理解Agent/第4章-基础外界交互能力/03-framework-memory-observability-stack.png to cos://luke-1307356219/第4章-基础外界交互能力/03-framework-memory-observability-stack.png Succeed: Total num: 1, size: 1,515,381 Byte (1.45 MB). OK num: 1(upload 1 files). 
[36mINFO[0m[2026-05-03 19:46:12] Upload /data/home/lukemxjia/aritcles-hub/ai-基础知识/从零构建理解Agent/第4章-基础外界交互能力/04-flowchart-self-repair-loop.png to cos://luke-1307356219/第4章-基础外界交互能力/04-flowchart-self-repair-loop.png start 
[36mINFO[0m[2026-05-03 19:46:13] Upload /data/home/lukemxjia/aritcles-hub/ai-基础知识/从零构建理解Agent/第4章-基础外界交互能力/04-flowchart-self-repair-loop.png to cos://luke-1307356219/第4章-基础外界交互能力/04-flowchart-self-repair-loop.png Succeed: Total num: 1, size: 1,669,292 Byte (1.59 MB). OK num: 1(upload 1 files). 
[31mERRO[0m[2026-05-07 19:23:58] secretID is missing                          
[36mINFO[0m[2026-05-07 19:28:13] Upload /data/home/lukemxjia/aritcles-hub/ai-思考/工程实践/01-infographic-four-faults.png to cos://luke/articles/01-infographic-four-faults.png start 
[36mINFO[0m[2026-05-07 19:28:16] Upload /data/home/lukemxjia/aritcles-hub/ai-思考/工程实践/01-infographic-four-faults.png to cos://luke/articles/01-infographic-four-faults.png Succeed: Total num: 1, size: 5,064,073 Byte (4.83 MB). OK num: 1(upload 1 files). 
[36mINFO[0m[2026-05-07 19:28:26] Upload /data/home/lukemxjia/aritcles-hub/ai-思考/工程实践/02-infographic-cursor-solves-faults.png to cos://luke/articles/02-infographic-cursor-solves-faults.png start 
[36mINFO[0m[2026-05-07 19:28:27] Upload /data/home/lukemxjia/aritcles-hub/ai-思考/工程实践/02-infographic-cursor-solves-faults.png to cos://luke/articles/02-infographic-cursor-solves-faults.png Succeed: Total num: 1, size: 4,453,151 Byte (4.25 MB). OK num: 1(upload 1 files). 
[36mINFO[0m[2026-05-07 19:28:27] Upload /data/home/lukemxjia/aritcles-hub/ai-思考/工程实践/03-infographic-cursor-token-design.png to cos://luke/articles/03-infographic-cursor-token-design.png start 
[36mINFO[0m[2026-05-07 19:28:28] Upload /data/home/lukemxjia/aritcles-hub/ai-思考/工程实践/03-infographic-cursor-token-design.png to cos://luke/articles/03-infographic-cursor-token-design.png Succeed: Total num: 1, size: 4,553,019 Byte (4.34 MB). OK num: 1(upload 1 files). 
[36mINFO[0m[2026-05-07 19:28:28] Upload /data/home/lukemxjia/aritcles-hub/ai-思考/工程实践/04-infographic-pagination-decision.png to cos://luke/articles/04-infographic-pagination-decision.png start 
[36mINFO[0m[2026-05-07 19:28:29] Upload /data/home/lukemxjia/aritcles-hub/ai-思考/工程实践/04-infographic-pagination-decision.png to cos://luke/articles/04-infographic-pagination-decision.png Succeed: Total num: 1, size: 4,774,217 Byte (4.55 MB). OK num: 1(upload 1 files). 
